<?xml version="1.0" encoding="UTF-8"?>
<testng-results ignored="0" total="2" passed="2" failed="0" skipped="0">
  <reporter-output>
  </reporter-output>
  <suite started-at="2020-11-09T16:05:59 CST" name="Default suite" finished-at="2020-11-09T16:07:21 CST" duration-ms="82861">
    <groups>
    </groups>
    <test started-at="2020-11-09T16:05:59 CST" name="Default test" finished-at="2020-11-09T16:07:21 CST" duration-ms="82861">
      <class name="liquibase.com.LiquibaseHub">
        <test-method is-config="true" signature="setup()[pri:0, instance:liquibase.com.LiquibaseHub@36b4fe2a]" started-at="2020-11-09T16:05:59 CST" name="setup" finished-at="2020-11-09T16:06:10 CST" duration-ms="11342" status="PASS">
          <reporter-output>
          </reporter-output>
        </test-method> <!-- setup -->
        <test-method signature="test1()[pri:0, instance:liquibase.com.LiquibaseHub@36b4fe2a]" started-at="2020-11-09T16:06:10 CST" name="test1" finished-at="2020-11-09T16:06:43 CST" duration-ms="33392" status="PASS">
          <reporter-output>
          </reporter-output>
        </test-method> <!-- test1 -->
        <test-method is-config="true" signature="teardown()[pri:0, instance:liquibase.com.LiquibaseHub@36b4fe2a]" started-at="2020-11-09T16:06:43 CST" name="teardown" finished-at="2020-11-09T16:06:44 CST" duration-ms="389" status="PASS">
          <reporter-output>
          </reporter-output>
        </test-method> <!-- teardown -->
        <test-method is-config="true" signature="setup()[pri:0, instance:liquibase.com.LiquibaseHub@36b4fe2a]" started-at="2020-11-09T16:06:44 CST" name="setup" finished-at="2020-11-09T16:06:52 CST" duration-ms="8253" status="PASS">
          <reporter-output>
          </reporter-output>
        </test-method> <!-- setup -->
        <test-method signature="test2()[pri:0, instance:liquibase.com.LiquibaseHub@36b4fe2a]" started-at="2020-11-09T16:06:52 CST" name="test2" finished-at="2020-11-09T16:07:21 CST" duration-ms="29153" status="PASS">
          <reporter-output>
          </reporter-output>
        </test-method> <!-- test2 -->
        <test-method is-config="true" signature="teardown()[pri:0, instance:liquibase.com.LiquibaseHub@36b4fe2a]" started-at="2020-11-09T16:07:21 CST" name="teardown" finished-at="2020-11-09T16:07:21 CST" duration-ms="274" status="PASS">
          <reporter-output>
          </reporter-output>
        </test-method> <!-- teardown -->
      </class> <!-- liquibase.com.LiquibaseHub -->
    </test> <!-- Default test -->
  </suite> <!-- Default suite -->
</testng-results>
